2020-04-18T09:13:53.947Z - info: [ui] initDb
2020-04-18T09:13:54.129Z - info: [ui] getPragmaVersion ret {"user_version":16}
2020-04-18T09:16:00.693Z - info: [ui] Try to download firmware key from http://releases.obins.net/annepro2c18/firmware/1.14.6/ap2_c18_2013_key.bin to /tmp, file name is ap2_c18_2013_key.bin
2020-04-18T09:16:00.749Z - info: [ui] Try to download firmware led from http://releases.obins.net/annepro2c18/firmware/1.14.6/ap2_c18_0210_rgb.bin to /tmp, file name is ap2_c18_0210_rgb.bin
2020-04-18T09:16:00.785Z - info: [ui] Try to download firmware ble from http://releases.obins.net/annepro2c18/firmware/1.14.6/ap2_c18_23_ble.bin to /tmp, file name is ap2_c18_23_ble.bin
2020-04-18T09:16:00.880Z - info: [ui] Try to enter IAP mode.
2020-04-18T09:16:02.957Z - info: [ui] Try to open device again.
2020-04-18T09:16:05.961Z - info: [ui] Try to open device: /dev/hidraw1.
2020-04-18T09:16:06.515Z - info: [ui] Reopen the device success
2020-04-18T09:16:06.515Z - info: [ui] Try to confirm that, the application processor is in IAP mode
2020-04-18T09:16:06.532Z - info: [ui] Try to confirm that, the light processor is in IAP mode
2020-04-18T09:16:06.548Z - info: [ui] Try to confirm that, the bluetooth processor is in IAP mode
2020-04-18T09:16:06.565Z - info: [ui] Try to upgrade MCU_KEY
2020-04-18T09:16:21.505Z - info: [ui] Upgrade MCU_KEY Success
2020-04-18T09:16:21.505Z - info: [ui] Try to upgrade MCU_LED
2020-04-18T09:16:35.656Z - info: [ui] Upgrade MCU_LED Success
2020-04-18T09:16:35.657Z - info: [ui] Try to upgrade MCU_BLE
2020-04-18T09:18:33.882Z - info: [ui] Upgrade MCU_BLE Success
2020-04-18T09:18:33.893Z - info: [ui] Write AP Flag Success
2020-04-18T09:18:33.909Z - info: [ui] Upgrade Firmware Success
2020-04-18T09:41:20.500Z - info: [main] UncaughtException from UI.
2020-04-18T09:41:20.501Z - error: [main] TypeError: Cannot read property 'macroGroup' of undefined
    at s.useMemo (file:///opt/obinskit/resources/app.asar/out/ui.js:1:16185)
    at Object.useMemo (file:///opt/obinskit/resources/app.asar/out/vendors.js:41:107594)
    at Object.useMemo (file:///opt/obinskit/resources/app.asar/out/vendors.js:34:5253)
    at o (file:///opt/obinskit/resources/app.asar/out/ui.js:1:16130)
    at c (file:///opt/obinskit/resources/app.asar/out/ui.js:7:50013)
    at So (file:///opt/obinskit/resources/app.asar/out/vendors.js:41:37556)
    at Zo (file:///opt/obinskit/resources/app.asar/out/vendors.js:41:43585)
    at $d (file:///opt/obinskit/resources/app.asar/out/vendors.js:41:112211)
    at Sr (file:///opt/obinskit/resources/app.asar/out/vendors.js:41:64191)
    at Er (file:///opt/obinskit/resources/app.asar/out/vendors.js:41:64120)
2020-04-18T09:41:20.509Z - error: [main] reportError:{"machineId":"b49b9ac11ef46df60c8d860ff742fd330df90a9cea89e72acf9373d7fefbf9fd","name":"TypeError","message":"Cannot read property 'macroGroup' of undefined","stack":"\"TypeError: Cannot read property 'macroGroup' of undefined\\n    at s.useMemo (file:///opt/obinskit/resources/app.asar/out/ui.js:1:16185)\\n    at Object.useMemo (file:///opt/obinskit/resources/app.asar/out/vendors.js:41:107594)\\n    at Object.useMemo (file:///opt/obinskit/resources/app.asar/out/vendors.js:34:5253)\\n    at o (file:///opt/obinskit/resources/app.asar/out/ui.js:1:16130)\\n    at c (file:///opt/obinskit/resources/app.asar/out/ui.js:7:50013)\\n    at So (file:///opt/obinskit/resources/app.asar/out/vendors.js:41:37556)\\n    at Zo (file:///opt/obinskit/resources/app.asar/out/vendors.js:41:43585)\\n    at $d (file:///opt/obinskit/resources/app.asar/out/vendors.js:41:112211)\\n    at Sr (file:///opt/obinskit/resources/app.asar/out/vendors.js:41:64191)\\n    at Er (file:///opt/obinskit/resources/app.asar/out/vendors.js:41:64120)\"","platform":"linux","version":"1.1.4","extra":""}
2020-04-18T09:41:20.511Z - error: [main] reportError:{"machineId":"b49b9ac11ef46df60c8d860ff742fd330df90a9cea89e72acf9373d7fefbf9fd","name":"TypeError","message":"Cannot read property 'macroGroup' of undefined","stack":"\"TypeError: Cannot read property 'macroGroup' of undefined\\n    at s.useMemo (file:///opt/obinskit/resources/app.asar/out/ui.js:1:16185)\\n    at Object.useMemo (file:///opt/obinskit/resources/app.asar/out/vendors.js:41:107594)\\n    at Object.useMemo (file:///opt/obinskit/resources/app.asar/out/vendors.js:34:5253)\\n    at o (file:///opt/obinskit/resources/app.asar/out/ui.js:1:16130)\\n    at c (file:///opt/obinskit/resources/app.asar/out/ui.js:7:50013)\\n    at So (file:///opt/obinskit/resources/app.asar/out/vendors.js:41:37556)\\n    at Zo (file:///opt/obinskit/resources/app.asar/out/vendors.js:41:43585)\\n    at $d (file:///opt/obinskit/resources/app.asar/out/vendors.js:41:112211)\\n    at Sr (file:///opt/obinskit/resources/app.asar/out/vendors.js:41:64191)\\n    at Er (file:///opt/obinskit/resources/app.asar/out/vendors.js:41:64120)\"","platform":"linux","version":"1.1.4","extra":"{\"guid\":\"86ef6d80-8641-404e-91a8-264c9f37f131\",\"osVersion\":\"Linux 5.6.4-zen1-1-zen\"}"}
2020-04-18T09:41:21.733Z - info: [main] Error report submitted
2020-04-18T09:41:21.735Z - info: [main] Error report submitted
2020-04-18T09:41:24.794Z - info: [ui] initDb
2020-04-18T09:41:24.976Z - info: [ui] getPragmaVersion ret {"user_version":16}
2020-04-18T09:57:12.529Z - info: [ui] initDb
2020-04-18T09:57:12.702Z - info: [ui] getPragmaVersion ret {"user_version":16}
2020-04-18T10:00:01.425Z - info: [ui] initDb
2020-04-18T10:00:01.597Z - info: [ui] getPragmaVersion ret {"user_version":16}
2020-04-18T10:37:58.424Z - info: [ui] initDb
2020-04-18T10:37:58.599Z - info: [ui] getPragmaVersion ret {"user_version":16}
2020-04-18T11:57:32.512Z - info: [ui] initDb
2020-04-18T11:57:32.687Z - info: [ui] getPragmaVersion ret {"user_version":16}
2020-04-18T11:57:48.250Z - info: [ui] initDb
2020-04-18T11:57:48.423Z - info: [ui] getPragmaVersion ret {"user_version":16}
2020-04-18T12:20:52.126Z - info: [ui] initDb
2020-04-18T12:20:52.299Z - info: [ui] getPragmaVersion ret {"user_version":16}
2020-04-18T12:43:09.331Z - info: [ui] initDb
2020-04-18T12:43:09.504Z - info: [ui] getPragmaVersion ret {"user_version":16}
2020-04-18T13:05:32.281Z - info: [ui] initDb
2020-04-18T13:05:32.466Z - info: [ui] getPragmaVersion ret {"user_version":16}
2020-04-18T14:22:12.499Z - info: [ui] initDb
2020-04-18T14:22:12.681Z - info: [ui] getPragmaVersion ret {"user_version":16}
